<?xml version="1.0" encoding="UTF-8" ?>
<testsuite errors="0" failures="0" hostname="hgrimberg" name="edu.ku.eecs.db.disk.PageTableTest" skipped="0" tests="4" time="0.083" timestamp="2013-12-01T19:44:25">
  <properties>
[...]
</properties>
  <testcase classname="edu.ku.eecs.db.disk.PageTableTest" name="testGetFreePage" time="0.002" />
  <testcase classname="edu.ku.eecs.db.disk.PageTableTest" name="testGetIndexedPage" time="0.0" />
  <testcase classname="edu.ku.eecs.db.disk.PageTableTest" name="testPageTableIntInt" time="0.001" />
  <testcase classname="edu.ku.eecs.db.disk.PageTableTest" name="testDeletePage" time="0.0" />
  <system-out><![CDATA[]]></system-out>
  <system-err><![CDATA[]]></system-err>
</testsuite>
