<?xml version="1.0" encoding="UTF-8" ?>
<testsuite errors="0" failures="0" hostname="hgrimberg" name="edu.ku.eecs.db.APlusTree.APlusTreeTest" skipped="0" tests="9" time="0.117" timestamp="2013-12-01T20:22:15">
  <properties>
[...]
</properties>
  <testcase classname="edu.ku.eecs.db.APlusTree.APlusTreeTest" name="testDescendingDelete" time="0.016" />
  <testcase classname="edu.ku.eecs.db.APlusTree.APlusTreeTest" name="testReverseInsert" time="0.005" />
  <testcase classname="edu.ku.eecs.db.APlusTree.APlusTreeTest" name="testInternalDeleteBorrowRight" time="0.003" />
  <testcase classname="edu.ku.eecs.db.APlusTree.APlusTreeTest" name="testSequentialInsert" time="0.004" />
  <testcase classname="edu.ku.eecs.db.APlusTree.APlusTreeTest" name="testInternalDeleteBorrowLeft" time="0.003" />
  <testcase classname="edu.ku.eecs.db.APlusTree.APlusTreeTest" name="testRandomInsert" time="0.004" />
  <testcase classname="edu.ku.eecs.db.APlusTree.APlusTreeTest" name="testInsert" time="0.003" />
  <testcase classname="edu.ku.eecs.db.APlusTree.APlusTreeTest" name="testAscendingDelete" time="0.005" />
  <testcase classname="edu.ku.eecs.db.APlusTree.APlusTreeTest" name="testSearch" time="0.017" />
  <system-out><![CDATA[21, 9(22)
19, 5(20)
14, 13(8)
23, 1(24), 3(18)
16, 7(12)
10, 11(6)
4, 15(2)
0(1), 1(2)
2(3), 3(4)
4(5), 5(6)
6(7), 7(8)
8(9), 9(10)
10(11), 11(12)
12(13), 13(14)
14(15), 15(16)
16(17), 17(18)

19, 5(20), 9(14)
23, 1(24), 3(18)
16, 7(12)
10, 11(6), 13(4)
0(1), 1(2)
2(3), 3(4)
4(5), 5(6)
6(7), 7(8)
8(9), 9(10)
10(11), 11(12)
12(13), 13(14)
14(15), 15(16), 16(17)

19, 5(20), 9(14)
23, 1(24), 3(18)
16, 7(12)
10, 11(6), 13(4)
0(1), 1(2)
2(3), 3(4)
4(5), 5(6)
6(7), 7(8)
8(9), 9(10)
10(11), 11(12)
12(13), 13(14)
14(15), 15(16)

19, 5(20), 9(14)
23, 1(24), 3(18)
16, 7(12)
10, 11(6)
0(1), 1(2)
2(3), 3(4)
4(5), 5(6)
6(7), 7(8)
8(9), 9(10)
10(11), 11(12)
12(13), 13(14), 14(15)

19, 5(20), 9(14)
23, 1(24), 3(18)
16, 7(12)
10, 11(6)
0(1), 1(2)
2(3), 3(4)
4(5), 5(6)
6(7), 7(8)
8(9), 9(10)
10(11), 11(12)
12(13), 13(14)

19, 5(20)
23, 1(24), 3(18)
16, 7(12), 9(10)
0(1), 1(2)
2(3), 3(4)
4(5), 5(6)
6(7), 7(8)
8(9), 9(10)
10(11), 11(12), 12(13)

19, 5(20)
23, 1(24), 3(18)
16, 7(12), 9(10)
0(1), 1(2)
2(3), 3(4)
4(5), 5(6)
6(7), 7(8)
8(9), 9(10)
10(11), 11(12)

19, 5(20)
23, 1(24), 3(18)
16, 7(12)
0(1), 1(2)
2(3), 3(4)
4(5), 5(6)
6(7), 7(8)
8(9), 9(10), 10(11)

19, 5(20)
23, 1(24), 3(18)
16, 7(12)
0(1), 1(2)
2(3), 3(4)
4(5), 5(6)
6(7), 7(8)
8(9), 9(10)

19, 3(20)
23, 1(24)
18, 5(16)
0(1), 1(2)
2(3), 3(4)
4(5), 5(6)
6(7), 7(8), 8(9)

19, 3(20)
23, 1(24)
18, 5(16)
0(1), 1(2)
2(3), 3(4)
4(5), 5(6)
6(7), 7(8)

23, 1(24), 3(18)
0(1), 1(2)
2(3), 3(4)
4(5), 5(6), 6(7)

23, 1(24), 3(18)
0(1), 1(2)
2(3), 3(4)
4(5), 5(6)

23, 1(24)
0(1), 1(2)
2(3), 3(4), 4(5)

23, 1(24)
0(1), 1(2)
2(3), 3(4)

0(1), 1(2), 2(3)

0(1), 1(2)

0(1)



21, 9(22)
19, 5(20)
14, 13(8)
23, 1(24), 3(18)
16, 7(12)
10, 11(6)
4, 15(2)
0(1), 1(2)
2(3), 3(4)
4(5), 5(6)
6(7), 7(8)
8(9), 9(10)
10(11), 11(12)
12(13), 13(14)
14(15), 15(16)
16(17), 17(18)

7, 3(13)
1, 1(3)
5, 5(9), 7(11)
0(1), 1(2)
2(3), 3(4)
4(5), 5(6)
6(7), 7(8)
8(9), 9(10), 10(11)

7, 5(13)
1, 3(5)
9, 7(11)
1(2), 2(3), 3(4)
4(5), 5(6)
6(7), 7(8)
8(9), 9(10), 10(11)

21, 7(22)
7, 3(13)
19, 11(20)
1, 1(3)
5, 5(9)
11, 9(15)
17, 13(23), 15(24)
0(1), 1(2)
2(3), 3(4)
4(5), 5(6)
6(7), 7(8)
8(9), 9(10)
10(11), 11(12)
12(13), 13(14)
14(15), 15(16)
16(17), 17(18)

7, 7(14)
1, 3(5), 5(9)
11, 9(12)
1(2), 2(3), 3(4)
4(5), 5(6)
6(7), 7(8)
8(9), 9(10)
10(11), 11(12)

7, 6(15), 11(16)
5, 2(11), 4(12)
9, 9(10)
13, 14(14)
0(1), 1(2), 2(3)
3(4), 4(5)
5(6), 6(7)
7(8), 8(9), 9(10)
10(11), 11(12)
12(13), 13(14), 14(15)
15(16), 16(17), 17(18)

21, 10(22)
7, 6(13)
19, 14(20)
1, 4(3)
5, 8(9)
11, 12(15)
17, 16(18)
3(4), 4(5)
5(6), 6(7)
7(8), 8(9)
9(10), 10(11)
11(12), 12(13)
13(14), 14(15)
15(16), 16(17)
17(18), 18(19)

21, 7(22)
7, 3(13)
19, 11(20)
1, 1(3)
5, 5(9)
11, 9(15)
17, 13(23), 15(24)
0(1), 1(2)
2(3), 3(4)
4(5), 5(6)
6(7), 7(8)
8(9), 9(10)
10(11), 11(12)
12(13), 13(14)
14(15), 15(16)
16(17), 17(18)

41, 16(42), 33(24)
39, 5(61), 11(62)
28, 23(47), 29(48)
55, 38(56), 42(22)
17, 1(49), 3(50)
59, 8(60)
51, 14(52)
25, 19(43), 21(44)
57, 25(58), 27(45)
46, 31(11)
31, 35(53)
54, 40(20)
33, 44(34), 46(16)
0(1), 1(2)
2(3), 3(4)
4(5), 5(6)
6(7), 7(8), 8(9)
9(10), 10(11), 11(12)
12(13), 13(14), 14(15)
15(16), 16(17)
17(18), 18(19), 19(20)
20(21), 21(22)
22(23), 23(24)
24(25), 25(26)
26(27), 27(28)
28(29), 29(30)
30(31), 31(32)
32(33), 33(34)
34(35), 35(36)
36(37), 37(38), 38(39)
39(40), 40(41)
41(42), 42(43)
43(44), 44(45)
45(46), 46(47)
47(48), 48(49), 49(50)

]]></system-out>
  <system-err><![CDATA[]]></system-err>
</testsuite>
